Using pre-set license
Built from '2021.1/release' branch; Version is '2021.1.0f1 (61a549675243) revision 6399305'; Using compiler version '192528614'; Build Type 'Release'
OS: 'Windows 10 Home; OS build 19043.1320; Version 2009; 64bit' Language: 'zh' Physical Memory: 7999 MB
BatchMode: 1, IsHumanControllingUs: 0, StartBugReporterOnCrash: 0, Is64bit: 1, IsPro: 0

 COMMAND LINE ARGUMENTS:
D:\Unity Hub\2021.1.0f1\Editor\Unity.exe
-adb2
-batchMode
-noUpm
-name
AssetImportWorker1
-projectPath
D:/Unity Hub/Project/GridSystem2D
-logFile
Logs/AssetImportWorker1.log
-srvPort
51369
Successfully changed project path to: D:/Unity Hub/Project/GridSystem2D
D:/Unity Hub/Project/GridSystem2D
Using Asset Import Pipeline V2.
Refreshing native plugins compatible for Editor in 178.59 ms, found 2 plugins.
Preloading 0 native plugins for Editor in 0.00 ms.
Initialize engine version: 2021.1.0f1 (61a549675243)
[Subsystems] Discovering subsystems at path D:/Unity Hub/2021.1.0f1/Editor/Data/Resources/UnitySubsystems
[Subsystems] Discovering subsystems at path D:/Unity Hub/Project/GridSystem2D/Assets
GfxDevice: creating device client; threaded=0; jobified=0
Direct3D:
    Version:  Direct3D 11.0 [level 11.1]
    Renderer: NVIDIA GeForce RTX 2060 (ID=0x1f11)
    Vendor:   NVIDIA
    VRAM:     5980 MB
    Driver:   27.21.14.6647
Initialize mono
Mono path[0] = 'D:/Unity Hub/2021.1.0f1/Editor/Data/Managed'
Mono path[1] = 'D:/Unity Hub/2021.1.0f1/Editor/Data/MonoBleedingEdge/lib/mono/unityjit'
Mono config path = 'D:/Unity Hub/2021.1.0f1/Editor/Data/MonoBleedingEdge/etc'
Using monoOptions --debugger-agent=transport=dt_socket,embedding=1,server=y,suspend=n,address=127.0.0.1:56528
Begin MonoManager ReloadAssembly
Registering precompiled unity dll's ...
Register platform support module: D:/Unity Hub/2021.1.0f1/Editor/Data/PlaybackEngines/WebGLSupport/UnityEditor.WebGL.Extensions.dll
Register platform support module: D:/Unity Hub/2021.1.0f1/Editor/Data/PlaybackEngines/WindowsStandaloneSupport/UnityEditor.WindowsStandalone.Extensions.dll
Registered in 0.001877 seconds.
Native extension for WindowsStandalone target not found
Native extension for WebGL target not found
Refreshing native plugins compatible for Editor in 129.12 ms, found 2 plugins.
Preloading 0 native plugins for Editor in 0.00 ms.
Mono: successfully reloaded assembly
- Completed reload, in  2.926 seconds
Platform modules already initialized, skipping
Registering precompiled user dll's ...
Registered in 0.005404 seconds.
Begin MonoManager ReloadAssembly
Native extension for WindowsStandalone target not found
Native extension for WebGL target not found
Refreshing native plugins compatible for Editor in 190.36 ms, found 2 plugins.
Preloading 0 native plugins for Editor in 0.00 ms.
Mono: successfully reloaded assembly
- Completed reload, in  2.030 seconds
Platform modules already initialized, skipping
========================================================================
Worker process is ready to serve import requests
Launched and connected shader compiler UnityShaderCompiler.exe after 0.26 seconds
Refreshing native plugins compatible for Editor in 0.79 ms, found 2 plugins.
Preloading 0 native plugins for Editor in 0.00 ms.
Unloading 3396 Unused Serialized files (Serialized files now loaded: 0)
System memory in use before: 130.8 MB.
System memory in use after: 130.8 MB.

Unloading 29 unused Assets to reduce memory usage. Loaded Objects now: 3851.
Total: 5.223700 ms (FindLiveObjects: 0.899700 ms CreateObjectMapping: 0.509300 ms MarkObjects: 3.645400 ms  DeleteObjects: 0.166200 ms)

========================================================================
Received Import Request.
  path: Assets/Scenes/AStarPathfinding.unity
  artifactKey: Guid(2cda990e2423bbf4892e6590ba056729) Importer(815301076,1909f56bfc062723c751e8b465ee728b)
Start importing Assets/Scenes/AStarPathfinding.unity using Guid(2cda990e2423bbf4892e6590ba056729) Importer(815301076,1909f56bfc062723c751e8b465ee728b)  -> (artifact id: '92062d07f155c6de5654a2e88a9eeedd') in 0.049447 seconds 
========================================================================
Received Import Request.
  Time since last request: 2972.792704 seconds.
  path: Assets/Scenes/FlowFieldPathfinding.unity
  artifactKey: Guid(90e71a5ddae6ed440983dc2ecb58496e) Importer(815301076,1909f56bfc062723c751e8b465ee728b)
Start importing Assets/Scenes/FlowFieldPathfinding.unity using Guid(90e71a5ddae6ed440983dc2ecb58496e) Importer(815301076,1909f56bfc062723c751e8b465ee728b)  -> (artifact id: 'a5aa9c7dde23f82c003d56c23f15da43') in 0.023127 seconds 
========================================================================
Received Import Request.
  Time since last request: 357.362100 seconds.
  path: Assets/Scripts/Grid.cs
  artifactKey: Guid(84d666f9a39bf5b45bab32209f5ed731) Importer(815301076,1909f56bfc062723c751e8b465ee728b)
Start importing Assets/Scripts/Grid.cs using Guid(84d666f9a39bf5b45bab32209f5ed731) Importer(815301076,1909f56bfc062723c751e8b465ee728b)  -> (artifact id: '5a486c69f8a40348fbc59b72bde5afc8') in 0.097914 seconds 
========================================================================
Received Import Request.
  Time since last request: 19.814525 seconds.
  path: Assets/Scripts/FlowFieldPathfinding
  artifactKey: Guid(cb5a0a56619c9ef4ba0a0aa9bb36330b) Importer(815301076,1909f56bfc062723c751e8b465ee728b)
Start importing Assets/Scripts/FlowFieldPathfinding using Guid(cb5a0a56619c9ef4ba0a0aa9bb36330b) Importer(815301076,1909f56bfc062723c751e8b465ee728b)  -> (artifact id: '81fc3bfc45b83549d998e1dc4e0937ed') in 0.022669 seconds 
========================================================================
Received Import Request.
  Time since last request: 6.979112 seconds.
  path: Assets/Scripts/FlowFieldPathfinding/Cell.cs
  artifactKey: Guid(b39c147cd170a514db90110cd18a92f5) Importer(815301076,1909f56bfc062723c751e8b465ee728b)
Start importing Assets/Scripts/FlowFieldPathfinding/Cell.cs using Guid(b39c147cd170a514db90110cd18a92f5) Importer(815301076,1909f56bfc062723c751e8b465ee728b)  -> (artifact id: 'b942c7a50c6cf10f08c4d7a40c99b63b') in 0.059699 seconds 
========================================================================
Received Import Request.
  Time since last request: 209.143570 seconds.
  path: Assets/Scripts/FlowFieldPathfinding/Cell.cs
  artifactKey: Guid(b39c147cd170a514db90110cd18a92f5) Importer(815301076,1909f56bfc062723c751e8b465ee728b)
Start importing Assets/Scripts/FlowFieldPathfinding/Cell.cs using Guid(b39c147cd170a514db90110cd18a92f5) Importer(815301076,1909f56bfc062723c751e8b465ee728b)  -> (artifact id: 'f6007b5bb7875d7678358225709aaa48') in 0.008537 seconds 
========================================================================
Received Prepare
Registering precompiled user dll's ...
Registered in 0.056977 seconds.
Begin MonoManager ReloadAssembly
Native extension for WindowsStandalone target not found
Native extension for WebGL target not found
Refreshing native plugins compatible for Editor in 0.74 ms, found 2 plugins.
Preloading 0 native plugins for Editor in 0.00 ms.
Mono: successfully reloaded assembly
- Completed reload, in  1.626 seconds
Platform modules already initialized, skipping
Refreshing native plugins compatible for Editor in 1.73 ms, found 2 plugins.
Preloading 0 native plugins for Editor in 0.00 ms.
Unloading 3392 Unused Serialized files (Serialized files now loaded: 0)
System memory in use before: 130.8 MB.
System memory in use after: 130.9 MB.

Unloading 17 unused Assets to reduce memory usage. Loaded Objects now: 3856.
Total: 7.145200 ms (FindLiveObjects: 0.528900 ms CreateObjectMapping: 0.500100 ms MarkObjects: 5.945600 ms  DeleteObjects: 0.167800 ms)

========================================================================
Received Import Request.
  Time since last request: 76.505900 seconds.
  path: Assets/Scripts/FlowFieldPathfinding/FlowField.cs
  artifactKey: Guid(d61d883aed321484f87cf4a62394e344) Importer(815301076,1909f56bfc062723c751e8b465ee728b)
Start importing Assets/Scripts/FlowFieldPathfinding/FlowField.cs using Guid(d61d883aed321484f87cf4a62394e344) Importer(815301076,1909f56bfc062723c751e8b465ee728b)  -> (artifact id: 'e1dc5047330d89fb05117e37344c9865') in 0.023930 seconds 
========================================================================
Received Prepare
Registering precompiled user dll's ...
Registered in 0.055936 seconds.
Begin MonoManager ReloadAssembly
Native extension for WindowsStandalone target not found
Native extension for WebGL target not found
Refreshing native plugins compatible for Editor in 1.20 ms, found 2 plugins.
Preloading 0 native plugins for Editor in 0.00 ms.
Mono: successfully reloaded assembly
- Completed reload, in  1.463 seconds
Platform modules already initialized, skipping
Refreshing native plugins compatible for Editor in 1.20 ms, found 2 plugins.
Preloading 0 native plugins for Editor in 0.00 ms.
Unloading 3393 Unused Serialized files (Serialized files now loaded: 0)
System memory in use before: 130.9 MB.
System memory in use after: 131.0 MB.

Unloading 17 unused Assets to reduce memory usage. Loaded Objects now: 3861.
Total: 5.965900 ms (FindLiveObjects: 0.950400 ms CreateObjectMapping: 0.660100 ms MarkObjects: 4.208200 ms  DeleteObjects: 0.145700 ms)

========================================================================
Received Prepare
Registering precompiled user dll's ...
Registered in 0.007370 seconds.
Begin MonoManager ReloadAssembly
Native extension for WindowsStandalone target not found
Native extension for WebGL target not found
Refreshing native plugins compatible for Editor in 1.05 ms, found 2 plugins.
Preloading 0 native plugins for Editor in 0.00 ms.
Mono: successfully reloaded assembly
- Completed reload, in  1.519 seconds
Platform modules already initialized, skipping
Refreshing native plugins compatible for Editor in 0.78 ms, found 2 plugins.
Preloading 0 native plugins for Editor in 0.00 ms.
Unloading 3393 Unused Serialized files (Serialized files now loaded: 0)
System memory in use before: 130.9 MB.
System memory in use after: 131.1 MB.

Unloading 17 unused Assets to reduce memory usage. Loaded Objects now: 3865.
Total: 6.172200 ms (FindLiveObjects: 0.450800 ms CreateObjectMapping: 0.190000 ms MarkObjects: 5.320400 ms  DeleteObjects: 0.208500 ms)

========================================================================
Received Import Request.
  Time since last request: 914.070425 seconds.
  path: Assets/Scripts/FlowFieldPathfinding/GridController.cs
  artifactKey: Guid(adb9e80b67d63d449aa457bca9f19eba) Importer(815301076,1909f56bfc062723c751e8b465ee728b)
Start importing Assets/Scripts/FlowFieldPathfinding/GridController.cs using Guid(adb9e80b67d63d449aa457bca9f19eba) Importer(815301076,1909f56bfc062723c751e8b465ee728b)  -> (artifact id: '86dd4fc5a55bb1729e958c1b74fccecd') in 0.022640 seconds 
========================================================================
Received Prepare
Registering precompiled user dll's ...
Registered in 0.005153 seconds.
Begin MonoManager ReloadAssembly
Native extension for WindowsStandalone target not found
Native extension for WebGL target not found
Refreshing native plugins compatible for Editor in 1.07 ms, found 2 plugins.
Preloading 0 native plugins for Editor in 0.00 ms.
Mono: successfully reloaded assembly
- Completed reload, in  1.450 seconds
Platform modules already initialized, skipping
Refreshing native plugins compatible for Editor in 0.89 ms, found 2 plugins.
Preloading 0 native plugins for Editor in 0.00 ms.
Unloading 3394 Unused Serialized files (Serialized files now loaded: 0)
System memory in use before: 131.0 MB.
System memory in use after: 131.1 MB.

Unloading 17 unused Assets to reduce memory usage. Loaded Objects now: 3870.
Total: 4.065100 ms (FindLiveObjects: 0.383500 ms CreateObjectMapping: 0.144600 ms MarkObjects: 3.362800 ms  DeleteObjects: 0.172400 ms)

========================================================================
Received Prepare
Registering precompiled user dll's ...
Registered in 0.055587 seconds.
Begin MonoManager ReloadAssembly
Native extension for WindowsStandalone target not found
Native extension for WebGL target not found
Refreshing native plugins compatible for Editor in 1.04 ms, found 2 plugins.
Preloading 0 native plugins for Editor in 0.00 ms.
Mono: successfully reloaded assembly
- Completed reload, in  1.646 seconds
Platform modules already initialized, skipping
Refreshing native plugins compatible for Editor in 0.75 ms, found 2 plugins.
Preloading 0 native plugins for Editor in 0.00 ms.
Unloading 3394 Unused Serialized files (Serialized files now loaded: 0)
System memory in use before: 131.0 MB.
System memory in use after: 131.1 MB.

Unloading 17 unused Assets to reduce memory usage. Loaded Objects now: 3874.
Total: 4.970100 ms (FindLiveObjects: 0.740600 ms CreateObjectMapping: 0.450000 ms MarkObjects: 3.638600 ms  DeleteObjects: 0.137800 ms)

========================================================================
Received Import Request.
  Time since last request: 1815.867807 seconds.
  path: Assets/Scripts/FlowFieldPathfinding/GridController.cs
  artifactKey: Guid(adb9e80b67d63d449aa457bca9f19eba) Importer(815301076,1909f56bfc062723c751e8b465ee728b)
Start importing Assets/Scripts/FlowFieldPathfinding/GridController.cs using Guid(adb9e80b67d63d449aa457bca9f19eba) Importer(815301076,1909f56bfc062723c751e8b465ee728b)  -> (artifact id: '3f69f619a7a8129569c5f22aed763952') in 0.008475 seconds 
========================================================================
Received Import Request.
  Time since last request: 1326.608811 seconds.
  path: ProjectSettings/TagManager.asset
  artifactKey: Guid(00000000000000003000000000000000) Importer(815301076,1909f56bfc062723c751e8b465ee728b)
Start importing ProjectSettings/TagManager.asset using Guid(00000000000000003000000000000000) Importer(815301076,1909f56bfc062723c751e8b465ee728b)  -> (artifact id: 'd460cff7eab2a4f47601416dbbc72eb2') in 0.089107 seconds 
========================================================================
Received Import Request.
  Time since last request: 190.416990 seconds.
  path: Assets/Wall.prefab
  artifactKey: Guid(444e580d37b01d44d844d17f68b7e0e6) Importer(815301076,1909f56bfc062723c751e8b465ee728b)
Start importing Assets/Wall.prefab using Guid(444e580d37b01d44d844d17f68b7e0e6) Importer(815301076,1909f56bfc062723c751e8b465ee728b)  -> (artifact id: 'd40bad2bf027453757d7722da627a17d') in 0.363207 seconds 
========================================================================
Received Import Request.
  Time since last request: 43.884422 seconds.
  path: Assets/Sand.prefab
  artifactKey: Guid(dff074dab7b458645a4c9c02efb1ae28) Importer(815301076,1909f56bfc062723c751e8b465ee728b)
Start importing Assets/Sand.prefab using Guid(dff074dab7b458645a4c9c02efb1ae28) Importer(815301076,1909f56bfc062723c751e8b465ee728b)  -> (artifact id: 'e19c58811b6853bf6667973763a71038') in 0.046044 seconds 
========================================================================
Received Import Request.
  Time since last request: 189.914336 seconds.
  path: Assets/Sand.prefab
  artifactKey: Guid(dff074dab7b458645a4c9c02efb1ae28) Importer(815301076,1909f56bfc062723c751e8b465ee728b)
Start importing Assets/Sand.prefab using Guid(dff074dab7b458645a4c9c02efb1ae28) Importer(815301076,1909f56bfc062723c751e8b465ee728b)  -> (artifact id: '16c8478551db79d8074c74636d16e23c') in 0.015319 seconds 
========================================================================
Received Import Request.
  Time since last request: 5.565195 seconds.
  path: Assets/Wall.prefab
  artifactKey: Guid(444e580d37b01d44d844d17f68b7e0e6) Importer(815301076,1909f56bfc062723c751e8b465ee728b)
Start importing Assets/Wall.prefab using Guid(444e580d37b01d44d844d17f68b7e0e6) Importer(815301076,1909f56bfc062723c751e8b465ee728b)  -> (artifact id: '22053db277c3a8618d8f1c3bf778a1a8') in 0.028708 seconds 
========================================================================
Received Import Request.
  Time since last request: 17.837494 seconds.
  path: Assets/Wall.prefab
  artifactKey: Guid(444e580d37b01d44d844d17f68b7e0e6) Importer(815301076,1909f56bfc062723c751e8b465ee728b)
Start importing Assets/Wall.prefab using Guid(444e580d37b01d44d844d17f68b7e0e6) Importer(815301076,1909f56bfc062723c751e8b465ee728b)  -> (artifact id: '493e0008d0e7f9853d0e46d055831365') in 0.018101 seconds 
========================================================================
Received Import Request.
  Time since last request: 2.763042 seconds.
  path: Assets/Sand.prefab
  artifactKey: Guid(dff074dab7b458645a4c9c02efb1ae28) Importer(815301076,1909f56bfc062723c751e8b465ee728b)
Start importing Assets/Sand.prefab using Guid(dff074dab7b458645a4c9c02efb1ae28) Importer(815301076,1909f56bfc062723c751e8b465ee728b)  -> (artifact id: '97dc3992e3c86df14d312f3771cd52ea') in 0.031717 seconds 
========================================================================
Received Prepare
Registering precompiled user dll's ...
Registered in 0.108001 seconds.
Begin MonoManager ReloadAssembly
Native extension for WindowsStandalone target not found
Native extension for WebGL target not found
Refreshing native plugins compatible for Editor in 0.82 ms, found 2 plugins.
Preloading 0 native plugins for Editor in 0.00 ms.
Mono: successfully reloaded assembly
- Completed reload, in  1.273 seconds
Platform modules already initialized, skipping
Refreshing native plugins compatible for Editor in 0.86 ms, found 2 plugins.
Preloading 0 native plugins for Editor in 0.00 ms.
Unloading 3394 Unused Serialized files (Serialized files now loaded: 0)
System memory in use before: 134.7 MB.
System memory in use after: 134.8 MB.

Unloading 18 unused Assets to reduce memory usage. Loaded Objects now: 3885.
Total: 4.298500 ms (FindLiveObjects: 0.776700 ms CreateObjectMapping: 0.251800 ms MarkObjects: 3.129600 ms  DeleteObjects: 0.137400 ms)

========================================================================
Received Import Request.
  Time since last request: 454.324414 seconds.
  path: ProjectSettings/TagManager.asset
  artifactKey: Guid(00000000000000003000000000000000) Importer(815301076,1909f56bfc062723c751e8b465ee728b)
Start importing ProjectSettings/TagManager.asset using Guid(00000000000000003000000000000000) Importer(815301076,1909f56bfc062723c751e8b465ee728b)  -> (artifact id: '69ceb408490d372169d2a7d102e206cc') in 0.033262 seconds 
========================================================================
Received Prepare
Registering precompiled user dll's ...
Registered in 0.046042 seconds.
Begin MonoManager ReloadAssembly
Native extension for WindowsStandalone target not found
Native extension for WebGL target not found
Refreshing native plugins compatible for Editor in 1.53 ms, found 2 plugins.
Preloading 0 native plugins for Editor in 0.00 ms.
Mono: successfully reloaded assembly
- Completed reload, in  1.218 seconds
Platform modules already initialized, skipping
Refreshing native plugins compatible for Editor in 0.84 ms, found 2 plugins.
Preloading 0 native plugins for Editor in 0.00 ms.
Unloading 3394 Unused Serialized files (Serialized files now loaded: 0)
System memory in use before: 134.7 MB.
System memory in use after: 134.8 MB.

Unloading 18 unused Assets to reduce memory usage. Loaded Objects now: 3889.
Total: 3.887400 ms (FindLiveObjects: 0.399000 ms CreateObjectMapping: 0.148400 ms MarkObjects: 3.186100 ms  DeleteObjects: 0.152300 ms)

========================================================================
Received Prepare
Registering precompiled user dll's ...
Registered in 0.008922 seconds.
Begin MonoManager ReloadAssembly
Native extension for WindowsStandalone target not found
Native extension for WebGL target not found
Refreshing native plugins compatible for Editor in 0.81 ms, found 2 plugins.
Preloading 0 native plugins for Editor in 0.00 ms.
Mono: successfully reloaded assembly
- Completed reload, in  1.518 seconds
Platform modules already initialized, skipping
Refreshing native plugins compatible for Editor in 0.74 ms, found 2 plugins.
Preloading 0 native plugins for Editor in 0.00 ms.
Unloading 3394 Unused Serialized files (Serialized files now loaded: 0)
System memory in use before: 134.7 MB.
System memory in use after: 134.8 MB.

Unloading 17 unused Assets to reduce memory usage. Loaded Objects now: 3893.
Total: 4.707400 ms (FindLiveObjects: 0.769500 ms CreateObjectMapping: 0.466000 ms MarkObjects: 3.324300 ms  DeleteObjects: 0.145100 ms)

========================================================================
Received Import Request.
  Time since last request: 1612.237223 seconds.
  path: Assets/Scripts/FlowFieldPathfinding/GridDirection.cs
  artifactKey: Guid(73484e4d6c1aada41a4b375ec964e9ab) Importer(815301076,1909f56bfc062723c751e8b465ee728b)
Start importing Assets/Scripts/FlowFieldPathfinding/GridDirection.cs using Guid(73484e4d6c1aada41a4b375ec964e9ab) Importer(815301076,1909f56bfc062723c751e8b465ee728b)  -> (artifact id: '3515a5fda2e834d8dee685b9f61b4915') in 0.019700 seconds 
========================================================================
Received Prepare
Registering precompiled user dll's ...
Registered in 0.101257 seconds.
Begin MonoManager ReloadAssembly
Native extension for WindowsStandalone target not found
Native extension for WebGL target not found
Refreshing native plugins compatible for Editor in 0.92 ms, found 2 plugins.
Preloading 0 native plugins for Editor in 0.00 ms.
Mono: successfully reloaded assembly
- Completed reload, in  1.439 seconds
Platform modules already initialized, skipping
Refreshing native plugins compatible for Editor in 0.86 ms, found 2 plugins.
Preloading 0 native plugins for Editor in 0.00 ms.
Unloading 3395 Unused Serialized files (Serialized files now loaded: 0)
System memory in use before: 134.7 MB.
System memory in use after: 134.8 MB.

Unloading 17 unused Assets to reduce memory usage. Loaded Objects now: 3898.
Total: 5.503900 ms (FindLiveObjects: 1.230300 ms CreateObjectMapping: 0.239000 ms MarkObjects: 3.745600 ms  DeleteObjects: 0.285800 ms)

========================================================================
Received Import Request.
  Time since last request: 3792.393735 seconds.
  path: Assets/Scripts/FlowFieldPathfinding/GridDirection.cs
  artifactKey: Guid(73484e4d6c1aada41a4b375ec964e9ab) Importer(815301076,1909f56bfc062723c751e8b465ee728b)
Start importing Assets/Scripts/FlowFieldPathfinding/GridDirection.cs using Guid(73484e4d6c1aada41a4b375ec964e9ab) Importer(815301076,1909f56bfc062723c751e8b465ee728b)  -> (artifact id: '8054153d34ab036064ae7fb4692138ca') in 0.020433 seconds 
========================================================================
Received Prepare
Registering precompiled user dll's ...
Registered in 0.005782 seconds.
Begin MonoManager ReloadAssembly
Native extension for WindowsStandalone target not found
Native extension for WebGL target not found
Refreshing native plugins compatible for Editor in 0.78 ms, found 2 plugins.
Preloading 0 native plugins for Editor in 0.00 ms.
Mono: successfully reloaded assembly
- Completed reload, in  1.212 seconds
Platform modules already initialized, skipping
Refreshing native plugins compatible for Editor in 1.34 ms, found 2 plugins.
Preloading 0 native plugins for Editor in 0.00 ms.
Unloading 3395 Unused Serialized files (Serialized files now loaded: 0)
System memory in use before: 134.7 MB.
System memory in use after: 134.8 MB.

Unloading 17 unused Assets to reduce memory usage. Loaded Objects now: 3902.
Total: 4.107400 ms (FindLiveObjects: 0.536100 ms CreateObjectMapping: 0.472300 ms MarkObjects: 2.497700 ms  DeleteObjects: 0.599600 ms)

========================================================================
Received Import Request.
  Time since last request: 155.713702 seconds.
  path: Assets/Circle.prefab
  artifactKey: Guid(4957949688aba09409afc4631651cf3f) Importer(815301076,1909f56bfc062723c751e8b465ee728b)
Start importing Assets/Circle.prefab using Guid(4957949688aba09409afc4631651cf3f) Importer(815301076,1909f56bfc062723c751e8b465ee728b)  -> (artifact id: 'ac77c440c6800a3d003595acf659c1c7') in 0.159746 seconds 
========================================================================
Received Import Request.
  Time since last request: 20.800129 seconds.
  path: Assets/Unit.prefab
  artifactKey: Guid(4957949688aba09409afc4631651cf3f) Importer(815301076,1909f56bfc062723c751e8b465ee728b)
Start importing Assets/Unit.prefab using Guid(4957949688aba09409afc4631651cf3f) Importer(815301076,1909f56bfc062723c751e8b465ee728b)  -> (artifact id: 'ddb4c8a110ec0c481823439fbd08e33a') in 0.037396 seconds 
========================================================================
Received Import Request.
  Time since last request: 38.431400 seconds.
  path: Assets/Scripts/FlowFieldPathfinding/UnitController.cs
  artifactKey: Guid(6ad3871a94590704ba4c53389390a246) Importer(815301076,1909f56bfc062723c751e8b465ee728b)
Start importing Assets/Scripts/FlowFieldPathfinding/UnitController.cs using Guid(6ad3871a94590704ba4c53389390a246) Importer(815301076,1909f56bfc062723c751e8b465ee728b)  -> (artifact id: '368fbe8a325c7bae521abe35592c41dc') in 0.014454 seconds 
========================================================================
Received Prepare
Registering precompiled user dll's ...
Registered in 0.004279 seconds.
Begin MonoManager ReloadAssembly
Native extension for WindowsStandalone target not found
Native extension for WebGL target not found
Refreshing native plugins compatible for Editor in 0.90 ms, found 2 plugins.
Preloading 0 native plugins for Editor in 0.00 ms.
Mono: successfully reloaded assembly
- Completed reload, in  1.167 seconds
Platform modules already initialized, skipping
Refreshing native plugins compatible for Editor in 1.83 ms, found 2 plugins.
Preloading 0 native plugins for Editor in 0.00 ms.
Unloading 3396 Unused Serialized files (Serialized files now loaded: 0)
System memory in use before: 134.9 MB.
System memory in use after: 135.0 MB.

Unloading 17 unused Assets to reduce memory usage. Loaded Objects now: 3908.
Total: 6.359400 ms (FindLiveObjects: 0.642100 ms CreateObjectMapping: 0.529100 ms MarkObjects: 5.006000 ms  DeleteObjects: 0.179300 ms)

========================================================================
Received Import Request.
  Time since last request: 1203.286805 seconds.
  path: Assets/Scripts/FlowFieldPathfinding/UnitController.cs
  artifactKey: Guid(6ad3871a94590704ba4c53389390a246) Importer(815301076,1909f56bfc062723c751e8b465ee728b)
Start importing Assets/Scripts/FlowFieldPathfinding/UnitController.cs using Guid(6ad3871a94590704ba4c53389390a246) Importer(815301076,1909f56bfc062723c751e8b465ee728b)  -> (artifact id: '86a0b367a21f921a896ac71c872f94e5') in 0.012885 seconds 
========================================================================
Received Prepare
Registering precompiled user dll's ...
Registered in 0.005049 seconds.
Begin MonoManager ReloadAssembly
Native extension for WindowsStandalone target not found
Native extension for WebGL target not found
Refreshing native plugins compatible for Editor in 0.79 ms, found 2 plugins.
Preloading 0 native plugins for Editor in 0.00 ms.
Mono: successfully reloaded assembly
- Completed reload, in  1.216 seconds
Platform modules already initialized, skipping
Refreshing native plugins compatible for Editor in 1.43 ms, found 2 plugins.
Preloading 0 native plugins for Editor in 0.00 ms.
Unloading 3396 Unused Serialized files (Serialized files now loaded: 0)
System memory in use before: 134.9 MB.
System memory in use after: 135.0 MB.

Unloading 17 unused Assets to reduce memory usage. Loaded Objects now: 3912.
Total: 4.224500 ms (FindLiveObjects: 0.460300 ms CreateObjectMapping: 0.147300 ms MarkObjects: 2.869300 ms  DeleteObjects: 0.745500 ms)

========================================================================
Received Import Request.
  Time since last request: 23.531809 seconds.
  path: Assets/Scripts/FlowFieldPathfinding/UnitController.cs
  artifactKey: Guid(6ad3871a94590704ba4c53389390a246) Importer(815301076,1909f56bfc062723c751e8b465ee728b)
Start importing Assets/Scripts/FlowFieldPathfinding/UnitController.cs using Guid(6ad3871a94590704ba4c53389390a246) Importer(815301076,1909f56bfc062723c751e8b465ee728b)  -> (artifact id: '0510abb5149b08ff3ec188c41f345949') in 0.010308 seconds 
========================================================================
Received Prepare
Registering precompiled user dll's ...
Registered in 0.004737 seconds.
Begin MonoManager ReloadAssembly
Native extension for WindowsStandalone target not found
Native extension for WebGL target not found
Refreshing native plugins compatible for Editor in 0.87 ms, found 2 plugins.
Preloading 0 native plugins for Editor in 0.00 ms.
Mono: successfully reloaded assembly
- Completed reload, in  1.180 seconds
Platform modules already initialized, skipping
Refreshing native plugins compatible for Editor in 0.78 ms, found 2 plugins.
Preloading 0 native plugins for Editor in 0.00 ms.
Unloading 3396 Unused Serialized files (Serialized files now loaded: 0)
System memory in use before: 134.9 MB.
System memory in use after: 135.0 MB.

Unloading 17 unused Assets to reduce memory usage. Loaded Objects now: 3916.
Total: 4.296400 ms (FindLiveObjects: 0.421700 ms CreateObjectMapping: 0.151600 ms MarkObjects: 3.559300 ms  DeleteObjects: 0.162300 ms)

========================================================================
Received Import Request.
  Time since last request: 68.951471 seconds.
  path: Assets/Unit.prefab
  artifactKey: Guid(4957949688aba09409afc4631651cf3f) Importer(815301076,1909f56bfc062723c751e8b465ee728b)
Start importing Assets/Unit.prefab using Guid(4957949688aba09409afc4631651cf3f) Importer(815301076,1909f56bfc062723c751e8b465ee728b) Diagnostics callstack to track who triggered the sub-import:
0x00007ff76af6b172 (Unity) ImporterAssetResolver::ResolveAsset
0x00007ff76af3dd52 (Unity) ResolveArtifactV2
0x00007ff76af55720 (Unity) ImportToObjects
0x00007ff76af54a38 (Unity) ImportAsset
0x00007ff76aef216f (Unity) AssetImportWorker::Import
0x00007ff76af15102 (Unity) <lambda_9a0c3c600e605f826d039b184a304624>::operator()
0x00007ff76af99992 (Unity) asio::detail::completion_handler<core::mutable_function<void __cdecl(void)> >::do_complete
0x00007ff76af9bc00 (Unity) asio::detail::win_iocp_io_service::do_one
0x00007ff76af9f2ee (Unity) asio::io_service::run
0x00007ff76af3e97a (Unity) RunAssetImportWorkerClientV2
0x00007ff76af3e9d0 (Unity) RunAssetImporterV2
0x00007ff76aa46056 (Unity) Application::InitializeProject
0x00007ff76ae51797 (Unity) WinMain
0x00007ff76c9b1422 (Unity) __scrt_common_main_seh
0x00007ffca9f27034 (KERNEL32) BaseThreadInitThunk
0x00007ffcaad82651 (ntdll) RtlUserThreadStart

Requesting import of Guid(4957949688aba09409afc4631651cf3f) Importer(-1,00000000000000000000000000000000), Assets/Unit.prefab from editor
Resuming Guid(4957949688aba09409afc4631651cf3f) Importer(-1,00000000000000000000000000000000) -> 00000000000000000000000000000000 (aborted)
Diagnostics callstack to track who triggered the sub-import:
0x00007ff76af6b172 (Unity) ImporterAssetResolver::ResolveAsset
0x00007ff76af3dd52 (Unity) ResolveArtifactV2
0x00007ff76af360a1 (Unity) ProduceArtifactV2
0x00007ff76aecfade (Unity) AssetDatabase::ProduceArtifact
0x00007ff76aebb078 (Unity) PreviewImporter::GenerateAssetData
0x00007ff76af55a3e (Unity) ImportToObjects
0x00007ff76af54a38 (Unity) ImportAsset
0x00007ff76aef216f (Unity) AssetImportWorker::Import
0x00007ff76af15102 (Unity) <lambda_9a0c3c600e605f826d039b184a304624>::operator()
0x00007ff76af99992 (Unity) asio::detail::completion_handler<core::mutable_function<void __cdecl(void)> >::do_complete
0x00007ff76af9bc00 (Unity) asio::detail::win_iocp_io_service::do_one
0x00007ff76af9f2ee (Unity) asio::io_service::run
0x00007ff76af3e97a (Unity) RunAssetImportWorkerClientV2
0x00007ff76af3e9d0 (Unity) RunAssetImporterV2
0x00007ff76aa46056 (Unity) Application::InitializeProject
0x00007ff76ae51797 (Unity) WinMain
0x00007ff76c9b1422 (Unity) __scrt_common_main_seh
0x00007ffca9f27034 (KERNEL32) BaseThreadInitThunk
0x00007ffcaad82651 (ntdll) RtlUserThreadStart

Sub-import of Guid(4957949688aba09409afc4631651cf3f) Importer(-1,00000000000000000000000000000000), Assets/Unit.prefab skipped because a previous one failed already
 -> (artifact id: '5b469946e529906f4266eec312ff9c6a') in 2.594626 seconds 
  Import took 2.601618 seconds (was aborted).
========================================================================
Received Import Request.
  Time since last request: 0.000182 seconds.
  path: Assets/Unit.prefab
  artifactKey: Guid(4957949688aba09409afc4631651cf3f) Importer(815301076,1909f56bfc062723c751e8b465ee728b)
Start importing Assets/Unit.prefab using Guid(4957949688aba09409afc4631651cf3f) Importer(815301076,1909f56bfc062723c751e8b465ee728b)  -> (artifact id: 'bad454cf1ac2b99841d3f0d86fb42b3f') in 0.085656 seconds 
========================================================================
Received Prepare
Registering precompiled user dll's ...
Registered in 0.005125 seconds.
Begin MonoManager ReloadAssembly
Native extension for WindowsStandalone target not found
Native extension for WebGL target not found
Refreshing native plugins compatible for Editor in 0.90 ms, found 2 plugins.
Preloading 0 native plugins for Editor in 0.00 ms.
Mono: successfully reloaded assembly
- Completed reload, in  1.180 seconds
Platform modules already initialized, skipping
Refreshing native plugins compatible for Editor in 1.03 ms, found 2 plugins.
Preloading 0 native plugins for Editor in 0.00 ms.
Unloading 3396 Unused Serialized files (Serialized files now loaded: 0)
System memory in use before: 134.9 MB.
System memory in use after: 135.0 MB.

Unloading 17 unused Assets to reduce memory usage. Loaded Objects now: 3921.
Total: 4.069700 ms (FindLiveObjects: 0.431200 ms CreateObjectMapping: 0.139800 ms MarkObjects: 3.350800 ms  DeleteObjects: 0.146200 ms)

========================================================================
Received Prepare
Registering precompiled user dll's ...
Registered in 0.005151 seconds.
Begin MonoManager ReloadAssembly
Native extension for WindowsStandalone target not found
Native extension for WebGL target not found
Refreshing native plugins compatible for Editor in 0.82 ms, found 2 plugins.
Preloading 0 native plugins for Editor in 0.00 ms.
Mono: successfully reloaded assembly
- Completed reload, in  1.262 seconds
Platform modules already initialized, skipping
Refreshing native plugins compatible for Editor in 0.86 ms, found 2 plugins.
Preloading 0 native plugins for Editor in 0.00 ms.
Unloading 3396 Unused Serialized files (Serialized files now loaded: 0)
System memory in use before: 134.9 MB.
System memory in use after: 135.0 MB.

Unloading 17 unused Assets to reduce memory usage. Loaded Objects now: 3925.
Total: 4.054400 ms (FindLiveObjects: 0.412600 ms CreateObjectMapping: 0.137200 ms MarkObjects: 3.353700 ms  DeleteObjects: 0.149400 ms)

========================================================================
Received Prepare
Registering precompiled user dll's ...
Registered in 0.004068 seconds.
Begin MonoManager ReloadAssembly
Native extension for WindowsStandalone target not found
Native extension for WebGL target not found
Refreshing native plugins compatible for Editor in 0.79 ms, found 2 plugins.
Preloading 0 native plugins for Editor in 0.00 ms.
Mono: successfully reloaded assembly
- Completed reload, in  1.153 seconds
Platform modules already initialized, skipping
Refreshing native plugins compatible for Editor in 0.76 ms, found 2 plugins.
Preloading 0 native plugins for Editor in 0.00 ms.
Unloading 3396 Unused Serialized files (Serialized files now loaded: 0)
System memory in use before: 134.9 MB.
System memory in use after: 135.1 MB.

Unloading 17 unused Assets to reduce memory usage. Loaded Objects now: 3929.
Total: 3.953100 ms (FindLiveObjects: 0.471400 ms CreateObjectMapping: 0.189000 ms MarkObjects: 3.129900 ms  DeleteObjects: 0.161400 ms)

========================================================================
Received Prepare
Registering precompiled user dll's ...
Registered in 0.004764 seconds.
Begin MonoManager ReloadAssembly
Native extension for WindowsStandalone target not found
Native extension for WebGL target not found
Refreshing native plugins compatible for Editor in 1.16 ms, found 2 plugins.
Preloading 0 native plugins for Editor in 0.00 ms.
Mono: successfully reloaded assembly
- Completed reload, in  1.199 seconds
Platform modules already initialized, skipping
Refreshing native plugins compatible for Editor in 0.73 ms, found 2 plugins.
Preloading 0 native plugins for Editor in 0.00 ms.
Unloading 3396 Unused Serialized files (Serialized files now loaded: 0)
System memory in use before: 134.9 MB.
System memory in use after: 135.1 MB.

Unloading 17 unused Assets to reduce memory usage. Loaded Objects now: 3933.
Total: 4.534900 ms (FindLiveObjects: 0.831900 ms CreateObjectMapping: 0.470200 ms MarkObjects: 3.099000 ms  DeleteObjects: 0.131900 ms)

========================================================================
Received Prepare
Registering precompiled user dll's ...
Registered in 0.005042 seconds.
Begin MonoManager ReloadAssembly
Native extension for WindowsStandalone target not found
Native extension for WebGL target not found
Refreshing native plugins compatible for Editor in 0.91 ms, found 2 plugins.
Preloading 0 native plugins for Editor in 0.00 ms.
Mono: successfully reloaded assembly
- Completed reload, in  1.204 seconds
Platform modules already initialized, skipping
Refreshing native plugins compatible for Editor in 1.22 ms, found 2 plugins.
Preloading 0 native plugins for Editor in 0.00 ms.
Unloading 3396 Unused Serialized files (Serialized files now loaded: 0)
System memory in use before: 135.0 MB.
System memory in use after: 135.1 MB.

Unloading 17 unused Assets to reduce memory usage. Loaded Objects now: 3937.
Total: 4.052500 ms (FindLiveObjects: 0.368500 ms CreateObjectMapping: 0.116500 ms MarkObjects: 3.282500 ms  DeleteObjects: 0.283800 ms)

========================================================================
Received Import Request.
  Time since last request: 329.076709 seconds.
  path: Assets/Unit.prefab
  artifactKey: Guid(4957949688aba09409afc4631651cf3f) Importer(815301076,1909f56bfc062723c751e8b465ee728b)
Start importing Assets/Unit.prefab using Guid(4957949688aba09409afc4631651cf3f) Importer(815301076,1909f56bfc062723c751e8b465ee728b)  -> (artifact id: '04584ba6670298a4ddcfc0817104bf8b') in 0.099801 seconds 
========================================================================
Received Prepare
Registering precompiled user dll's ...
Registered in 0.006991 seconds.
Begin MonoManager ReloadAssembly
Native extension for WindowsStandalone target not found
Native extension for WebGL target not found
Refreshing native plugins compatible for Editor in 1.40 ms, found 2 plugins.
Preloading 0 native plugins for Editor in 0.00 ms.
Mono: successfully reloaded assembly
- Completed reload, in  1.645 seconds
Platform modules already initialized, skipping
Refreshing native plugins compatible for Editor in 1.04 ms, found 2 plugins.
Preloading 0 native plugins for Editor in 0.00 ms.
Unloading 3396 Unused Serialized files (Serialized files now loaded: 0)
System memory in use before: 135.0 MB.
System memory in use after: 135.1 MB.

Unloading 17 unused Assets to reduce memory usage. Loaded Objects now: 3942.
Total: 4.094700 ms (FindLiveObjects: 0.547500 ms CreateObjectMapping: 0.218700 ms MarkObjects: 3.184200 ms  DeleteObjects: 0.142500 ms)

========================================================================
Received Prepare
Registering precompiled user dll's ...
Registered in 0.006519 seconds.
Begin MonoManager ReloadAssembly
Native extension for WindowsStandalone target not found
Native extension for WebGL target not found
Refreshing native plugins compatible for Editor in 0.77 ms, found 2 plugins.
Preloading 0 native plugins for Editor in 0.00 ms.
Mono: successfully reloaded assembly
- Completed reload, in  1.301 seconds
Platform modules already initialized, skipping
Refreshing native plugins compatible for Editor in 0.73 ms, found 2 plugins.
Preloading 0 native plugins for Editor in 0.00 ms.
Unloading 3396 Unused Serialized files (Serialized files now loaded: 0)
System memory in use before: 135.0 MB.
System memory in use after: 135.1 MB.

Unloading 17 unused Assets to reduce memory usage. Loaded Objects now: 3946.
Total: 3.738200 ms (FindLiveObjects: 0.352600 ms CreateObjectMapping: 0.106700 ms MarkObjects: 3.126600 ms  DeleteObjects: 0.150600 ms)

AssetImportWorkerClient::OnTransportError - code=2 error=End of file
